Performing C SOURCE FILE Test CMAKE_HAVE_LIBC_PTHREAD failed with the following output:
Change Dir: /home/tommaso/Scrivania/CLionProject/EasyBank/cmake-build-debug/CMakeFiles/CMakeTmp

Run Build Command(s):/usr/bin/gmake cmTC_9abea/fast && /usr/bin/gmake  -f CMakeFiles/cmTC_9abea.dir/build.make CMakeFiles/cmTC_9abea.dir/build
gmake[1]: ingresso nella directory «/home/tommaso/Scrivania/CLionProject/EasyBank/cmake-build-debug/CMakeFiles/CMakeTmp»
Building C object CMakeFiles/cmTC_9abea.dir/src.c.o
/usr/bin/cc   -DCMAKE_HAVE_LIBC_PTHREAD   -o CMakeFiles/cmTC_9abea.dir/src.c.o   -c /home/tommaso/Scrivania/CLionProject/EasyBank/cmake-build-debug/CMakeFiles/CMakeTmp/src.c
Linking C executable cmTC_9abea
/snap/clion/129/bin/cmake/linux/bin/cmake -E cmake_link_script CMakeFiles/cmTC_9abea.dir/link.txt --verbose=1
/usr/bin/cc  -DCMAKE_HAVE_LIBC_PTHREAD    -rdynamic CMakeFiles/cmTC_9abea.dir/src.c.o  -o cmTC_9abea 
/usr/bin/ld: CMakeFiles/cmTC_9abea.dir/src.c.o: in function `main':
src.c:(.text+0x46): undefined reference to `pthread_create'
/usr/bin/ld: src.c:(.text+0x52): undefined reference to `pthread_detach'
/usr/bin/ld: src.c:(.text+0x5e): undefined reference to `pthread_cancel'
/usr/bin/ld: src.c:(.text+0x6f): undefined reference to `pthread_join'
collect2: error: ld returned 1 exit status
gmake[1]: *** [CMakeFiles/cmTC_9abea.dir/build.make:107: cmTC_9abea] Errore 1
gmake[1]: uscita dalla directory «/home/tommaso/Scrivania/CLionProject/EasyBank/cmake-build-debug/CMakeFiles/CMakeTmp»
gmake: *** [Makefile:141: cmTC_9abea/fast] Errore 2


Source file was:
#include <pthread.h>

void* test_func(void* data)
{
  return data;
}

int main(void)
{
  pthread_t thread;
  pthread_create(&thread, NULL, test_func, NULL);
  pthread_detach(thread);
  pthread_cancel(thread);
  pthread_join(thread, NULL);
  pthread_atfork(NULL, NULL, NULL);
  pthread_exit(NULL);

  return 0;
}

Determining if the function pthread_create exists in the pthreads failed with the following output:
Change Dir: /home/tommaso/Scrivania/CLionProject/EasyBank/cmake-build-debug/CMakeFiles/CMakeTmp

Run Build Command(s):/usr/bin/gmake cmTC_3da1a/fast && /usr/bin/gmake  -f CMakeFiles/cmTC_3da1a.dir/build.make CMakeFiles/cmTC_3da1a.dir/build
gmake[1]: ingresso nella directory «/home/tommaso/Scrivania/CLionProject/EasyBank/cmake-build-debug/CMakeFiles/CMakeTmp»
Building C object CMakeFiles/cmTC_3da1a.dir/CheckFunctionExists.c.o
/usr/bin/cc   -DCHECK_FUNCTION_EXISTS=pthread_create   -o CMakeFiles/cmTC_3da1a.dir/CheckFunctionExists.c.o   -c /snap/clion/129/bin/cmake/linux/share/cmake-3.17/Modules/CheckFunctionExists.c
Linking C executable cmTC_3da1a
/snap/clion/129/bin/cmake/linux/bin/cmake -E cmake_link_script CMakeFiles/cmTC_3da1a.dir/link.txt --verbose=1
/usr/bin/cc  -DCHECK_FUNCTION_EXISTS=pthread_create    -rdynamic CMakeFiles/cmTC_3da1a.dir/CheckFunctionExists.c.o  -o cmTC_3da1a  -lpthreads 
/usr/bin/ld: impossibile trovare -lpthreads
collect2: error: ld returned 1 exit status
gmake[1]: *** [CMakeFiles/cmTC_3da1a.dir/build.make:107: cmTC_3da1a] Errore 1
gmake[1]: uscita dalla directory «/home/tommaso/Scrivania/CLionProject/EasyBank/cmake-build-debug/CMakeFiles/CMakeTmp»
gmake: *** [Makefile:141: cmTC_3da1a/fast] Errore 2



